<?xml version="1.0" encoding="UTF-8"?>
<!-- Generated by org.testng.reporters.JUnitXMLReporter -->
<testsuite ignored="0" hostname="DESKTOP-L4853CI" failures="0" tests="4" name="Test" time="4.915" errors="0" timestamp="2025-07-08T11:51:35 BDT">
  <testcase classname="ApiChaining.Test_CreatUser" name="test_createuser" time="2.016"/>
  <testcase classname="ApiChaining.GetUser" name="test_getuser" time="0.435"/>
  <testcase classname="ApiChaining.UpdateUser" name="test_updateuser" time="1.269"/>
  <testcase classname="ApiChaining.DeleteUser" name="test_deleteUser" time="1.135"/>
</testsuite> <!-- Test -->
