<?xml version="1.0" encoding="UTF-8"?>
<testng-results ignored="0" total="4" passed="4" failed="0" skipped="0">
  <reporter-output>
  </reporter-output>
  <suite started-at="2025-07-08T11:51:30 BDT" name="Suite" finished-at="2025-07-08T11:51:35 BDT" duration-ms="4915">
    <groups>
    </groups>
    <test started-at="2025-07-08T11:51:30 BDT" name="Test" finished-at="2025-07-08T11:51:35 BDT" duration-ms="4915">
      <class name="ApiChaining.Test_CreatUser">
        <test-method signature="test_createuser(org.testng.ITestContext)[pri:0, instance:ApiChaining.Test_CreatUser@1e6a3214]" started-at="2025-07-08T11:51:30 BDT" name="test_createuser" finished-at="2025-07-08T11:51:32 BDT" duration-ms="2016" status="PASS">
          <params>
            <param index="0">
              <value>
                <![CDATA[org.testng.TestRunner@5be1d0a4]]>
              </value>
            </param>
          </params>
          <reporter-output>
          </reporter-output>
        </test-method> <!-- test_createuser -->
      </class> <!-- ApiChaining.Test_CreatUser -->
      <class name="ApiChaining.DeleteUser">
        <test-method signature="test_deleteUser(org.testng.ITestContext)[pri:0, instance:ApiChaining.DeleteUser@46cdf8bd]" started-at="2025-07-08T11:51:33 BDT" name="test_deleteUser" finished-at="2025-07-08T11:51:35 BDT" duration-ms="1135" status="PASS">
          <params>
            <param index="0">
              <value>
                <![CDATA[org.testng.TestRunner@5be1d0a4]]>
              </value>
            </param>
          </params>
          <reporter-output>
          </reporter-output>
        </test-method> <!-- test_deleteUser -->
      </class> <!-- ApiChaining.DeleteUser -->
      <class name="ApiChaining.GetUser">
        <test-method signature="test_getuser(org.testng.ITestContext)[pri:0, instance:ApiChaining.GetUser@298a5e20]" started-at="2025-07-08T11:51:32 BDT" name="test_getuser" finished-at="2025-07-08T11:51:32 BDT" duration-ms="435" status="PASS">
          <params>
            <param index="0">
              <value>
                <![CDATA[org.testng.TestRunner@5be1d0a4]]>
              </value>
            </param>
          </params>
          <reporter-output>
          </reporter-output>
        </test-method> <!-- test_getuser -->
      </class> <!-- ApiChaining.GetUser -->
      <class name="ApiChaining.UpdateUser">
        <test-method signature="test_updateuser(org.testng.ITestContext)[pri:0, instance:ApiChaining.UpdateUser@2a7f1f10]" started-at="2025-07-08T11:51:32 BDT" name="test_updateuser" finished-at="2025-07-08T11:51:33 BDT" duration-ms="1269" status="PASS">
          <params>
            <param index="0">
              <value>
                <![CDATA[org.testng.TestRunner@5be1d0a4]]>
              </value>
            </param>
          </params>
          <reporter-output>
          </reporter-output>
        </test-method> <!-- test_updateuser -->
      </class> <!-- ApiChaining.UpdateUser -->
    </test> <!-- Test -->
  </suite> <!-- Suite -->
</testng-results>
